  Source.cpp
C:\Users\HP\Documents\School\SNHU\Classes\CS-330-J7890\OpenGLSample\OpenGLSample\shader.h(57,34): warning C4101: 'e': unreferenced local variable
C:\Users\HP\Documents\School\SNHU\Classes\CS-330-J7890\OpenGLSample\OpenGLSample\Source.cpp(197,22): warning C4244: 'initializing': conversion from 'double' to 'float', possible loss of data
C:\Users\HP\Documents\School\SNHU\Classes\CS-330-J7890\OpenGLSample\OpenGLSample\Source.cpp(232,52): warning C4305: 'argument': truncation from 'double' to 'float'
C:\Users\HP\Documents\School\SNHU\Classes\CS-330-J7890\OpenGLSample\OpenGLSample\Source.cpp(233,55): warning C4305: 'argument': truncation from 'double' to 'float'
C:\Users\HP\Documents\School\SNHU\Classes\CS-330-J7890\OpenGLSample\OpenGLSample\Source.cpp(240,52): warning C4305: 'argument': truncation from 'double' to 'float'
C:\Users\HP\Documents\School\SNHU\Classes\CS-330-J7890\OpenGLSample\OpenGLSample\Source.cpp(241,55): warning C4305: 'argument': truncation from 'double' to 'float'
C:\Users\HP\Documents\School\SNHU\Classes\CS-330-J7890\OpenGLSample\OpenGLSample\Source.cpp(248,52): warning C4305: 'argument': truncation from 'double' to 'float'
C:\Users\HP\Documents\School\SNHU\Classes\CS-330-J7890\OpenGLSample\OpenGLSample\Source.cpp(249,55): warning C4305: 'argument': truncation from 'double' to 'float'
C:\Users\HP\Documents\School\SNHU\Classes\CS-330-J7890\OpenGLSample\OpenGLSample\Source.cpp(256,52): warning C4305: 'argument': truncation from 'double' to 'float'
C:\Users\HP\Documents\School\SNHU\Classes\CS-330-J7890\OpenGLSample\OpenGLSample\Source.cpp(257,55): warning C4305: 'argument': truncation from 'double' to 'float'
C:\Users\HP\Documents\School\SNHU\Classes\CS-330-J7890\OpenGLSample\OpenGLSample\Source.cpp(265,47): warning C4305: 'argument': truncation from 'double' to 'float'
C:\Users\HP\Documents\School\SNHU\Classes\CS-330-J7890\OpenGLSample\OpenGLSample\Source.cpp(266,50): warning C4305: 'argument': truncation from 'double' to 'float'
C:\Users\HP\Documents\School\SNHU\Classes\CS-330-J7890\OpenGLSample\OpenGLSample\Source.cpp(368,11): warning C4244: '=': conversion from 'double' to 'float', possible loss of data
C:\Users\HP\Documents\School\SNHU\Classes\CS-330-J7890\OpenGLSample\OpenGLSample\Source.cpp(369,11): warning C4244: '=': conversion from 'double' to 'float', possible loss of data
C:\Users\HP\Documents\School\SNHU\Classes\CS-330-J7890\OpenGLSample\OpenGLSample\Source.cpp(373,16): warning C4244: 'initializing': conversion from 'double' to 'float', possible loss of data
C:\Users\HP\Documents\School\SNHU\Classes\CS-330-J7890\OpenGLSample\OpenGLSample\Source.cpp(374,16): warning C4244: 'initializing': conversion from 'double' to 'float', possible loss of data
C:\Users\HP\Documents\School\SNHU\Classes\CS-330-J7890\OpenGLSample\OpenGLSample\Source.cpp(376,10): warning C4244: '=': conversion from 'double' to 'float', possible loss of data
C:\Users\HP\Documents\School\SNHU\Classes\CS-330-J7890\OpenGLSample\OpenGLSample\Source.cpp(377,10): warning C4244: '=': conversion from 'double' to 'float', possible loss of data
C:\Users\HP\Documents\School\SNHU\Classes\CS-330-J7890\OpenGLSample\OpenGLSample\Source.cpp(386,28): warning C4244: 'argument': conversion from 'double' to 'float', possible loss of data
  OpenGLSample.vcxproj -> C:\Users\HP\Documents\School\SNHU\Classes\CS-330-J7890\OpenGLSample\Debug\OpenGLSample.exe
